<?xml version="1.0" encoding="UTF-8"?>
<testng-results skipped="0" failed="0" ignored="0" total="0" passed="0">
  <reporter-output>
  </reporter-output>
  <suite name="Learning.AutomationTesting.AppTest" duration-ms="17" started-at="2021-04-07T08:23:21 IST" finished-at="2021-04-07T08:23:21 IST">
    <groups>
    </groups>
    <test name="Command line test" duration-ms="17" started-at="2021-04-07T08:23:21 IST" finished-at="2021-04-07T08:23:21 IST">
    </test> <!-- Command line test -->
  </suite> <!-- Learning.AutomationTesting.AppTest -->
</testng-results>
