<?xml version="1.0" encoding="UTF-8"?>
<testng-results skipped="0" failed="0" ignored="0" total="1" passed="1">
  <reporter-output>
  </reporter-output>
  <suite name="Default suite" duration-ms="6420" started-at="2021-05-24T21:31:06 IST" finished-at="2021-05-24T21:31:13 IST">
    <groups>
    </groups>
    <test name="Default test" duration-ms="6420" started-at="2021-05-24T21:31:06 IST" finished-at="2021-05-24T21:31:13 IST">
      <class name="RestAssured.RestAssuredTestCases">
        <test-method status="PASS" signature="validateHeaders()[pri:0, instance:RestAssured.RestAssuredTestCases@14593bf]" name="validateHeaders" duration-ms="6310" started-at="2021-05-24T21:31:06 IST" finished-at="2021-05-24T21:31:13 IST">
          <reporter-output>
          </reporter-output>
        </test-method> <!-- validateHeaders -->
      </class> <!-- RestAssured.RestAssuredTestCases -->
    </test> <!-- Default test -->
  </suite> <!-- Default suite -->
</testng-results>
